\BOOKMARK [0][-]{chapter.1}{\376\377\0001\000\040\000C\000l\000a\000s\000s\000\040\000I\000n\000d\000e\000x}{}% 1
\BOOKMARK [1][-]{section.1.1}{\376\377\0001\000.\0001\000\040\000C\000l\000a\000s\000s\000\040\000L\000i\000s\000t}{chapter.1}% 2
\BOOKMARK [0][-]{chapter.2}{\376\377\0002\000\040\000C\000l\000a\000s\000s\000\040\000D\000o\000c\000u\000m\000e\000n\000t\000a\000t\000i\000o\000n}{}% 3
\BOOKMARK [1][-]{section.2.1}{\376\377\0002\000.\0001\000\040\000I\000D\000r\000a\000w\000a\000b\000l\000e\000\040\000C\000l\000a\000s\000s\000\040\000R\000e\000f\000e\000r\000e\000n\000c\000e}{chapter.2}% 4
\BOOKMARK [2][-]{subsection.2.1.1}{\376\377\0002\000.\0001\000.\0001\000\040\000M\000e\000m\000b\000e\000r\000\040\000F\000u\000n\000c\000t\000i\000o\000n\000\040\000D\000o\000c\000u\000m\000e\000n\000t\000a\000t\000i\000o\000n}{section.2.1}% 5
\BOOKMARK [3][-]{subsubsection.2.1.1.1}{\376\377\0002\000.\0001\000.\0001\000.\0001\000\040\000c\000l\000o\000n\000e\000\050\000\051}{subsection.2.1.1}% 6
\BOOKMARK [3][-]{subsubsection.2.1.1.2}{\376\377\0002\000.\0001\000.\0001\000.\0002\000\040\000g\000e\000t\000C\000e\000n\000t\000e\000r\000P\000o\000i\000n\000t\000\050\000\051}{subsection.2.1.1}% 7
\BOOKMARK [3][-]{subsubsection.2.1.1.3}{\376\377\0002\000.\0001\000.\0001\000.\0003\000\040\000g\000e\000t\000C\000o\000l\000o\000r\000\050\000\051}{subsection.2.1.1}% 8
\BOOKMARK [3][-]{subsubsection.2.1.1.4}{\376\377\0002\000.\0001\000.\0001\000.\0004\000\040\000g\000e\000t\000E\000l\000e\000m\000e\000n\000t\000D\000a\000t\000a\000\050\000\051}{subsection.2.1.1}% 9
\BOOKMARK [3][-]{subsubsection.2.1.1.5}{\376\377\0002\000.\0001\000.\0001\000.\0005\000\040\000g\000e\000t\000S\000c\000a\000l\000e\000\050\000\051}{subsection.2.1.1}% 10
\BOOKMARK [3][-]{subsubsection.2.1.1.6}{\376\377\0002\000.\0001\000.\0001\000.\0006\000\040\000g\000e\000t\000T\000e\000x\000C\000o\000o\000r\000d\000s\000D\000a\000t\000a\000\050\000\051}{subsection.2.1.1}% 11
\BOOKMARK [3][-]{subsubsection.2.1.1.7}{\376\377\0002\000.\0001\000.\0001\000.\0007\000\040\000g\000e\000t\000T\000e\000x\000P\000a\000t\000h\000\050\000\051}{subsection.2.1.1}% 12
\BOOKMARK [3][-]{subsubsection.2.1.1.8}{\376\377\0002\000.\0001\000.\0001\000.\0008\000\040\000g\000e\000t\000T\000r\000a\000n\000s\000l\000a\000t\000i\000o\000n\000\050\000\051}{subsection.2.1.1}% 13
\BOOKMARK [3][-]{subsubsection.2.1.1.9}{\376\377\0002\000.\0001\000.\0001\000.\0009\000\040\000g\000e\000t\000V\000e\000r\000t\000e\000x\000D\000a\000t\000a\000\050\000\051}{subsection.2.1.1}% 14
\BOOKMARK [3][-]{subsubsection.2.1.1.10}{\376\377\0002\000.\0001\000.\0001\000.\0001\0000\000\040\000s\000e\000t\000C\000o\000l\000o\000r\000\050\000\051}{subsection.2.1.1}% 15
\BOOKMARK [3][-]{subsubsection.2.1.1.11}{\376\377\0002\000.\0001\000.\0001\000.\0001\0001\000\040\000s\000e\000t\000S\000c\000a\000l\000e\000\050\000\051}{subsection.2.1.1}% 16
\BOOKMARK [3][-]{subsubsection.2.1.1.12}{\376\377\0002\000.\0001\000.\0001\000.\0001\0002\000\040\000s\000e\000t\000T\000r\000a\000n\000s\000l\000a\000t\000i\000o\000n\000\050\000\051}{subsection.2.1.1}% 17
\BOOKMARK [1][-]{section.2.2}{\376\377\0002\000.\0002\000\040\000R\000e\000n\000d\000e\000r\000e\000r\000\040\000C\000l\000a\000s\000s\000\040\000R\000e\000f\000e\000r\000e\000n\000c\000e}{chapter.2}% 18
\BOOKMARK [2][-]{subsection.2.2.1}{\376\377\0002\000.\0002\000.\0001\000\040\000M\000e\000m\000b\000e\000r\000\040\000F\000u\000n\000c\000t\000i\000o\000n\000\040\000D\000o\000c\000u\000m\000e\000n\000t\000a\000t\000i\000o\000n}{section.2.2}% 19
\BOOKMARK [3][-]{subsubsection.2.2.1.1}{\376\377\0002\000.\0002\000.\0001\000.\0001\000\040\000D\000i\000s\000p\000l\000a\000y\000\050\000\051}{subsection.2.2.1}% 20
\BOOKMARK [3][-]{subsubsection.2.2.1.2}{\376\377\0002\000.\0002\000.\0001\000.\0002\000\040\000d\000r\000a\000w\000\050\000\051}{subsection.2.2.1}% 21
\BOOKMARK [3][-]{subsubsection.2.2.1.3}{\376\377\0002\000.\0002\000.\0001\000.\0003\000\040\000d\000r\000a\000w\000Q\000u\000a\000d\000r\000a\000n\000g\000l\000e\000\050\000\051\000\040\000[\0001\000/\0002\000]}{subsection.2.2.1}% 22
\BOOKMARK [3][-]{subsubsection.2.2.1.4}{\376\377\0002\000.\0002\000.\0001\000.\0004\000\040\000d\000r\000a\000w\000Q\000u\000a\000d\000r\000a\000n\000g\000l\000e\000\050\000\051\000\040\000[\0002\000/\0002\000]}{subsection.2.2.1}% 23
\BOOKMARK [3][-]{subsubsection.2.2.1.5}{\376\377\0002\000.\0002\000.\0001\000.\0005\000\040\000d\000r\000a\000w\000R\000e\000c\000t\000a\000n\000g\000l\000e\000\050\000\051\000\040\000[\0001\000/\0002\000]}{subsection.2.2.1}% 24
\BOOKMARK [3][-]{subsubsection.2.2.1.6}{\376\377\0002\000.\0002\000.\0001\000.\0006\000\040\000d\000r\000a\000w\000R\000e\000c\000t\000a\000n\000g\000l\000e\000\050\000\051\000\040\000[\0002\000/\0002\000]}{subsection.2.2.1}% 25
\BOOKMARK [3][-]{subsubsection.2.2.1.7}{\376\377\0002\000.\0002\000.\0001\000.\0007\000\040\000l\000o\000a\000d\000T\000e\000x\000t\000u\000r\000e\000\050\000\051}{subsection.2.2.1}% 26
\BOOKMARK [3][-]{subsubsection.2.2.1.8}{\376\377\0002\000.\0002\000.\0001\000.\0008\000\040\000T\000e\000x\000I\000n\000i\000t\000\050\000\051}{subsection.2.2.1}% 27
